This is pdfTeX, Version 3.14159265-2.6-1.40.18 (TeX Live 2017) (preloaded format=pdflatex 2017.11.13)  28 MAR 2018 10:40
entering extended mode
 restricted \write18 enabled.
 %&-line parsing enabled.
**cw4/mlp-cw1-template.tex
(./cw4/mlp-cw1-template.tex
LaTeX2e <2017-04-15>
Babel <3.10> and hyphenation patterns for 84 language(s) loaded.
(/usr/local/texlive/2017/texmf-dist/tex/latex/base/article.cls
Document Class: article 2014/09/29 v1.4h Standard LaTeX document class
(/usr/local/texlive/2017/texmf-dist/tex/latex/base/size10.clo
File: size10.clo 2014/09/29 v1.4h Standard LaTeX file (size option)
)
\c@part=\count79
\c@section=\count80
\c@subsection=\count81
\c@subsubsection=\count82
\c@paragraph=\count83
\c@subparagraph=\count84
\c@figure=\count85
\c@table=\count86
\abovecaptionskip=\skip41
\belowcaptionskip=\skip42
\bibindent=\dimen102
)
(/usr/local/texlive/2017/texmf-dist/tex/latex/base/fontenc.sty
Package: fontenc 2017/04/05 v2.0i Standard LaTeX package

(/usr/local/texlive/2017/texmf-dist/tex/latex/base/t1enc.def
File: t1enc.def 2017/04/05 v2.0i Standard LaTeX file
LaTeX Font Info:    Redeclaring font encoding T1 on input line 48.
))
(/usr/local/texlive/2017/texmf-dist/tex/latex/amsfonts/amssymb.sty
Package: amssymb 2013/01/14 v3.01 AMS font symbols

(/usr/local/texlive/2017/texmf-dist/tex/latex/amsfonts/amsfonts.sty
Package: amsfonts 2013/01/14 v3.01 Basic AMSFonts support
\@emptytoks=\toks14
\symAMSa=\mathgroup4
\symAMSb=\mathgroup5
LaTeX Font Info:    Overwriting math alphabet `\mathfrak' in version `bold'
(Font)                  U/euf/m/n --> U/euf/b/n on input line 106.
))
(/usr/local/texlive/2017/texmf-dist/tex/latex/amsmath/amsmath.sty
Package: amsmath 2016/11/05 v2.16a AMS math features
\@mathmargin=\skip43

For additional information on amsmath, use the `?' option.
(/usr/local/texlive/2017/texmf-dist/tex/latex/amsmath/amstext.sty
Package: amstext 2000/06/29 v2.01 AMS text

(/usr/local/texlive/2017/texmf-dist/tex/latex/amsmath/amsgen.sty
File: amsgen.sty 1999/11/30 v2.0 generic functions
\@emptytoks=\toks15
\ex@=\dimen103
))
(/usr/local/texlive/2017/texmf-dist/tex/latex/amsmath/amsbsy.sty
Package: amsbsy 1999/11/29 v1.2d Bold Symbols
\pmbraise@=\dimen104
)
(/usr/local/texlive/2017/texmf-dist/tex/latex/amsmath/amsopn.sty
Package: amsopn 2016/03/08 v2.02 operator names
)
\inf@bad=\count87
LaTeX Info: Redefining \frac on input line 213.
\uproot@=\count88
\leftroot@=\count89
LaTeX Info: Redefining \overline on input line 375.
\classnum@=\count90
\DOTSCASE@=\count91
LaTeX Info: Redefining \ldots on input line 472.
LaTeX Info: Redefining \dots on input line 475.
LaTeX Info: Redefining \cdots on input line 596.
\Mathstrutbox@=\box26
\strutbox@=\box27
\big@size=\dimen105
LaTeX Font Info:    Redeclaring font encoding OML on input line 712.
LaTeX Font Info:    Redeclaring font encoding OMS on input line 713.
\macc@depth=\count92
\c@MaxMatrixCols=\count93
\dotsspace@=\muskip10
\c@parentequation=\count94
\dspbrk@lvl=\count95
\tag@help=\toks16
\row@=\count96
\column@=\count97
\maxfields@=\count98
\andhelp@=\toks17
\eqnshift@=\dimen106
\alignsep@=\dimen107
\tagshift@=\dimen108
\tagwidth@=\dimen109
\totwidth@=\dimen110
\lineht@=\dimen111
\@envbody=\toks18
\multlinegap=\skip44
\multlinetaggap=\skip45
\mathdisplay@stack=\toks19
LaTeX Info: Redefining \[ on input line 2817.
LaTeX Info: Redefining \] on input line 2818.
)
(/usr/local/texlive/2017/texmf-dist/tex/latex/txfonts/txfonts.sty
Package: txfonts 2008/01/22 v3.2.1
LaTeX Font Info:    Redeclaring symbol font `operators' on input line 21.
LaTeX Font Info:    Overwriting symbol font `operators' in version `normal'
(Font)                  OT1/cmr/m/n --> OT1/txr/m/n on input line 21.
LaTeX Font Info:    Overwriting symbol font `operators' in version `bold'
(Font)                  OT1/cmr/bx/n --> OT1/txr/m/n on input line 21.
LaTeX Font Info:    Overwriting symbol font `operators' in version `bold'
(Font)                  OT1/txr/m/n --> OT1/txr/bx/n on input line 22.
\symitalic=\mathgroup6
LaTeX Font Info:    Overwriting symbol font `italic' in version `bold'
(Font)                  OT1/txr/m/it --> OT1/txr/bx/it on input line 26.
LaTeX Font Info:    Redeclaring math alphabet \mathbf on input line 29.
LaTeX Font Info:    Overwriting math alphabet `\mathbf' in version `normal'
(Font)                  OT1/cmr/bx/n --> OT1/txr/bx/n on input line 29.
LaTeX Font Info:    Overwriting math alphabet `\mathbf' in version `bold'
(Font)                  OT1/cmr/bx/n --> OT1/txr/bx/n on input line 29.
LaTeX Font Info:    Redeclaring math alphabet \mathit on input line 30.
LaTeX Font Info:    Overwriting math alphabet `\mathit' in version `normal'
(Font)                  OT1/cmr/m/it --> OT1/txr/m/it on input line 30.
LaTeX Font Info:    Overwriting math alphabet `\mathit' in version `bold'
(Font)                  OT1/cmr/bx/it --> OT1/txr/m/it on input line 30.
LaTeX Font Info:    Overwriting math alphabet `\mathit' in version `bold'
(Font)                  OT1/txr/m/it --> OT1/txr/bx/it on input line 31.
LaTeX Font Info:    Redeclaring math alphabet \mathsf on input line 40.
LaTeX Font Info:    Overwriting math alphabet `\mathsf' in version `normal'
(Font)                  OT1/cmss/m/n --> OT1/txss/m/n on input line 40.
LaTeX Font Info:    Overwriting math alphabet `\mathsf' in version `bold'
(Font)                  OT1/cmss/bx/n --> OT1/txss/m/n on input line 40.
LaTeX Font Info:    Overwriting math alphabet `\mathsf' in version `bold'
(Font)                  OT1/txss/m/n --> OT1/txss/b/n on input line 41.
LaTeX Font Info:    Redeclaring math alphabet \mathtt on input line 50.
LaTeX Font Info:    Overwriting math alphabet `\mathtt' in version `normal'
(Font)                  OT1/cmtt/m/n --> OT1/txtt/m/n on input line 50.
LaTeX Font Info:    Overwriting math alphabet `\mathtt' in version `bold'
(Font)                  OT1/cmtt/m/n --> OT1/txtt/m/n on input line 50.
LaTeX Font Info:    Overwriting math alphabet `\mathtt' in version `bold'
(Font)                  OT1/txtt/m/n --> OT1/txtt/b/n on input line 51.
LaTeX Font Info:    Redeclaring symbol font `letters' on input line 58.
LaTeX Font Info:    Overwriting symbol font `letters' in version `normal'
(Font)                  OML/cmm/m/it --> OML/txmi/m/it on input line 58.
LaTeX Font Info:    Overwriting symbol font `letters' in version `bold'
(Font)                  OML/cmm/b/it --> OML/txmi/m/it on input line 58.
LaTeX Font Info:    Overwriting symbol font `letters' in version `bold'
(Font)                  OML/txmi/m/it --> OML/txmi/bx/it on input line 59.
\symlettersA=\mathgroup7
LaTeX Font Info:    Overwriting symbol font `lettersA' in version `bold'
(Font)                  U/txmia/m/it --> U/txmia/bx/it on input line 67.
LaTeX Font Info:    Redeclaring math alphabet \mathfrak on input line 70.
LaTeX Font Info:    Redeclaring symbol font `symbols' on input line 77.
LaTeX Font Info:    Overwriting symbol font `symbols' in version `normal'
(Font)                  OMS/cmsy/m/n --> OMS/txsy/m/n on input line 77.
LaTeX Font Info:    Overwriting symbol font `symbols' in version `bold'
(Font)                  OMS/cmsy/b/n --> OMS/txsy/m/n on input line 77.
LaTeX Font Info:    Overwriting symbol font `symbols' in version `bold'
(Font)                  OMS/txsy/m/n --> OMS/txsy/bx/n on input line 78.
LaTeX Font Info:    Redeclaring symbol font `AMSa' on input line 93.
LaTeX Font Info:    Overwriting symbol font `AMSa' in version `normal'
(Font)                  U/msa/m/n --> U/txsya/m/n on input line 93.
LaTeX Font Info:    Overwriting symbol font `AMSa' in version `bold'
(Font)                  U/msa/m/n --> U/txsya/m/n on input line 93.
LaTeX Font Info:    Overwriting symbol font `AMSa' in version `bold'
(Font)                  U/txsya/m/n --> U/txsya/bx/n on input line 94.
LaTeX Font Info:    Redeclaring symbol font `AMSb' on input line 102.
LaTeX Font Info:    Overwriting symbol font `AMSb' in version `normal'
(Font)                  U/msb/m/n --> U/txsyb/m/n on input line 102.
LaTeX Font Info:    Overwriting symbol font `AMSb' in version `bold'
(Font)                  U/msb/m/n --> U/txsyb/m/n on input line 102.
LaTeX Font Info:    Overwriting symbol font `AMSb' in version `bold'
(Font)                  U/txsyb/m/n --> U/txsyb/bx/n on input line 103.
\symsymbolsC=\mathgroup8
LaTeX Font Info:    Overwriting symbol font `symbolsC' in version `bold'
(Font)                  U/txsyc/m/n --> U/txsyc/bx/n on input line 113.
LaTeX Font Info:    Redeclaring symbol font `largesymbols' on input line 120.
LaTeX Font Info:    Overwriting symbol font `largesymbols' in version `normal'
(Font)                  OMX/cmex/m/n --> OMX/txex/m/n on input line 120.
LaTeX Font Info:    Overwriting symbol font `largesymbols' in version `bold'
(Font)                  OMX/cmex/m/n --> OMX/txex/m/n on input line 120.
LaTeX Font Info:    Overwriting symbol font `largesymbols' in version `bold'
(Font)                  OMX/txex/m/n --> OMX/txex/bx/n on input line 121.
\symlargesymbolsA=\mathgroup9
LaTeX Font Info:    Overwriting symbol font `largesymbolsA' in version `bold'
(Font)                  U/txexa/m/n --> U/txexa/bx/n on input line 129.
LaTeX Info: Redefining \not on input line 1043.
)
(/usr/local/texlive/2017/texmf-dist/tex/latex/microtype/microtype.sty
Package: microtype 2016/05/14 v2.6a Micro-typographical refinements (RS)

(/usr/local/texlive/2017/texmf-dist/tex/latex/graphics/keyval.sty
Package: keyval 2014/10/28 v1.15 key=value parser (DPC)
\KV@toks@=\toks20
)
\MT@toks=\toks21
\MT@count=\count99
LaTeX Info: Redefining \textls on input line 774.
\MT@outer@kern=\dimen112
LaTeX Info: Redefining \textmicrotypecontext on input line 1310.
\MT@listname@count=\count100

(/usr/local/texlive/2017/texmf-dist/tex/latex/microtype/microtype-pdftex.def
File: microtype-pdftex.def 2016/05/14 v2.6a Definitions specific to pdftex (RS)

LaTeX Info: Redefining \lsstyle on input line 916.
LaTeX Info: Redefining \lslig on input line 916.
\MT@outer@space=\skip46
)
Package microtype Info: Loading configuration file microtype.cfg.

(/usr/local/texlive/2017/texmf-dist/tex/latex/microtype/microtype.cfg
File: microtype.cfg 2016/05/14 v2.6a microtype main configuration file (RS)
))
(/usr/local/texlive/2017/texmf-dist/tex/latex/enumitem/enumitem.sty
Package: enumitem 2011/09/28 v3.5.2 Customized lists
\labelindent=\skip47
\enit@outerparindent=\dimen113
\enit@toks=\toks22
\enit@inbox=\box28
\enitdp@description=\count101
)
(/usr/local/texlive/2017/texmf-dist/tex/latex/graphics/graphicx.sty
Package: graphicx 2014/10/28 v1.0g Enhanced LaTeX Graphics (DPC,SPQR)

(/usr/local/texlive/2017/texmf-dist/tex/latex/graphics/graphics.sty
Package: graphics 2017/04/14 v1.1b Standard LaTeX Graphics (DPC,SPQR)

(/usr/local/texlive/2017/texmf-dist/tex/latex/graphics/trig.sty
Package: trig 2016/01/03 v1.10 sin cos tan (DPC)
)
(/usr/local/texlive/2017/texmf-dist/tex/latex/graphics-cfg/graphics.cfg
File: graphics.cfg 2016/06/04 v1.11 sample graphics configuration
)
Package graphics Info: Driver file: pdftex.def on input line 99.

(/usr/local/texlive/2017/texmf-dist/tex/latex/graphics-def/pdftex.def
File: pdftex.def 2017/01/12 v0.06k Graphics/color for pdfTeX

(/usr/local/texlive/2017/texmf-dist/tex/generic/oberdiek/infwarerr.sty
Package: infwarerr 2016/05/16 v1.4 Providing info/warning/error messages (HO)
)
(/usr/local/texlive/2017/texmf-dist/tex/generic/oberdiek/ltxcmds.sty
Package: ltxcmds 2016/05/16 v1.23 LaTeX kernel commands for general use (HO)
)
\Gread@gobject=\count102
))
\Gin@req@height=\dimen114
\Gin@req@width=\dimen115
)
(/usr/local/texlive/2017/texmf-dist/tex/latex/subfigure/subfigure.sty
Package: subfigure 2002/03/15 v2.1.5 subfigure package
\subfigtopskip=\skip48
\subfigcapskip=\skip49
\subfigcaptopadj=\dimen116
\subfigbottomskip=\skip50
\subfigcapmargin=\dimen117
\subfiglabelskip=\skip51
\c@subfigure=\count103
\c@lofdepth=\count104
\c@subtable=\count105
\c@lotdepth=\count106

****************************************
* Local config file subfigure.cfg used *
****************************************
(/usr/local/texlive/2017/texmf-dist/tex/latex/subfigure/subfigure.cfg)
\subfig@top=\skip52
\subfig@bottom=\skip53
)
(/usr/local/texlive/2017/texmf-dist/tex/latex/natbib/natbib.sty
Package: natbib 2010/09/13 8.31b (PWD, AO)
\bibhang=\skip54
\bibsep=\skip55
LaTeX Info: Redefining \cite on input line 694.
\c@NAT@ctr=\count107
)
(/usr/local/texlive/2017/texmf-dist/tex/latex/algorithms/algorithm.sty
Package: algorithm 2009/08/24 v0.1 Document Style `algorithm' - floating enviro
nment

(/usr/local/texlive/2017/texmf-dist/tex/latex/float/float.sty
Package: float 2001/11/08 v1.3d Float enhancements (AL)
\c@float@type=\count108
\float@exts=\toks23
\float@box=\box29
\@float@everytoks=\toks24
\@floatcapt=\box30
)
(/usr/local/texlive/2017/texmf-dist/tex/latex/base/ifthen.sty
Package: ifthen 2014/09/29 v1.1c Standard LaTeX ifthen package (DPC)
)
\@float@every@algorithm=\toks25
\c@algorithm=\count109
)
(/usr/local/texlive/2017/texmf-dist/tex/latex/algorithms/algorithmic.sty
Package: algorithmic 2009/08/24 v0.1 Document Style `algorithmic'
\c@ALC@unique=\count110
\c@ALC@line=\count111
\c@ALC@rem=\count112
\c@ALC@depth=\count113
\ALC@tlm=\skip56
\algorithmicindent=\skip57
)
(/usr/local/texlive/2017/texmf-dist/tex/latex/hyperref/hyperref.sty
Package: hyperref 2017/03/14 v6.85a Hypertext links for LaTeX

(/usr/local/texlive/2017/texmf-dist/tex/generic/oberdiek/hobsub-hyperref.sty
Package: hobsub-hyperref 2016/05/16 v1.14 Bundle oberdiek, subset hyperref (HO)


(/usr/local/texlive/2017/texmf-dist/tex/generic/oberdiek/hobsub-generic.sty
Package: hobsub-generic 2016/05/16 v1.14 Bundle oberdiek, subset generic (HO)
Package: hobsub 2016/05/16 v1.14 Construct package bundles (HO)
Package hobsub Info: Skipping package `infwarerr' (already loaded).
Package hobsub Info: Skipping package `ltxcmds' (already loaded).
Package: ifluatex 2016/05/16 v1.4 Provides the ifluatex switch (HO)
Package ifluatex Info: LuaTeX not detected.
Package: ifvtex 2016/05/16 v1.6 Detect VTeX and its facilities (HO)
Package ifvtex Info: VTeX not detected.
Package: intcalc 2016/05/16 v1.2 Expandable calculations with integers (HO)
Package: ifpdf 2017/03/15 v3.2 Provides the ifpdf switch
Package: etexcmds 2016/05/16 v1.6 Avoid name clashes with e-TeX commands (HO)
Package etexcmds Info: Could not find \expanded.
(etexcmds)             That can mean that you are not using pdfTeX 1.50 or
(etexcmds)             that some package has redefined \expanded.
(etexcmds)             In the latter case, load this package earlier.
Package: kvsetkeys 2016/05/16 v1.17 Key value parser (HO)
Package: kvdefinekeys 2016/05/16 v1.4 Define keys (HO)
Package: pdftexcmds 2017/03/19 v0.25 Utility functions of pdfTeX for LuaTeX (HO
)
Package pdftexcmds Info: LuaTeX not detected.
Package pdftexcmds Info: \pdf@primitive is available.
Package pdftexcmds Info: \pdf@ifprimitive is available.
Package pdftexcmds Info: \pdfdraftmode found.
Package: pdfescape 2016/05/16 v1.14 Implements pdfTeX's escape features (HO)
Package: bigintcalc 2016/05/16 v1.4 Expandable calculations on big integers (HO
)
Package: bitset 2016/05/16 v1.2 Handle bit-vector datatype (HO)
Package: uniquecounter 2016/05/16 v1.3 Provide unlimited unique counter (HO)
)
Package hobsub Info: Skipping package `hobsub' (already loaded).
Package: letltxmacro 2016/05/16 v1.5 Let assignment for LaTeX macros (HO)
Package: hopatch 2016/05/16 v1.3 Wrapper for package hooks (HO)
Package: xcolor-patch 2016/05/16 xcolor patch
Package: atveryend 2016/05/16 v1.9 Hooks at the very end of document (HO)
Package atveryend Info: \enddocument detected (standard20110627).
Package: atbegshi 2016/06/09 v1.18 At begin shipout hook (HO)
Package: refcount 2016/05/16 v3.5 Data extraction from label references (HO)
Package: hycolor 2016/05/16 v1.8 Color options for hyperref/bookmark (HO)
)
(/usr/local/texlive/2017/texmf-dist/tex/generic/ifxetex/ifxetex.sty
Package: ifxetex 2010/09/12 v0.6 Provides ifxetex conditional
)
(/usr/local/texlive/2017/texmf-dist/tex/latex/oberdiek/auxhook.sty
Package: auxhook 2016/05/16 v1.4 Hooks for auxiliary files (HO)
)
(/usr/local/texlive/2017/texmf-dist/tex/latex/oberdiek/kvoptions.sty
Package: kvoptions 2016/05/16 v3.12 Key value format for package options (HO)
)
\@linkdim=\dimen118
\Hy@linkcounter=\count114
\Hy@pagecounter=\count115

(/usr/local/texlive/2017/texmf-dist/tex/latex/hyperref/pd1enc.def
File: pd1enc.def 2017/03/14 v6.85a Hyperref: PDFDocEncoding definition (HO)
)
\Hy@SavedSpaceFactor=\count116

(/usr/local/texlive/2017/texmf-dist/tex/latex/latexconfig/hyperref.cfg
File: hyperref.cfg 2002/06/06 v1.2 hyperref configuration of TeXLive
)
Package hyperref Info: Hyper figures OFF on input line 4498.
Package hyperref Info: Link nesting OFF on input line 4503.
Package hyperref Info: Hyper index ON on input line 4506.
Package hyperref Info: Plain pages OFF on input line 4513.
Package hyperref Info: Backreferencing OFF on input line 4518.
Package hyperref Info: Implicit mode ON; LaTeX internals redefined.
Package hyperref Info: Bookmarks ON on input line 4751.
\c@Hy@tempcnt=\count117

(/usr/local/texlive/2017/texmf-dist/tex/latex/url/url.sty
\Urlmuskip=\muskip11
Package: url 2013/09/16  ver 3.4  Verb mode for urls, etc.
)
LaTeX Info: Redefining \url on input line 5104.
\XeTeXLinkMargin=\dimen119
\Fld@menulength=\count118
\Field@Width=\dimen120
\Fld@charsize=\dimen121
Package hyperref Info: Hyper figures OFF on input line 6358.
Package hyperref Info: Link nesting OFF on input line 6363.
Package hyperref Info: Hyper index ON on input line 6366.
Package hyperref Info: backreferencing OFF on input line 6373.
Package hyperref Info: Link coloring OFF on input line 6378.
Package hyperref Info: Link coloring with OCG OFF on input line 6383.
Package hyperref Info: PDF/A mode OFF on input line 6388.
LaTeX Info: Redefining \ref on input line 6428.
LaTeX Info: Redefining \pageref on input line 6432.
\Hy@abspage=\count119
\c@Item=\count120
\c@Hfootnote=\count121
)

Package hyperref Message: Driver (autodetected): hpdftex.

(/usr/local/texlive/2017/texmf-dist/tex/latex/hyperref/hpdftex.def
File: hpdftex.def 2017/03/14 v6.85a Hyperref driver for pdfTeX
\Fld@listcount=\count122
\c@bookmark@seq@number=\count123

(/usr/local/texlive/2017/texmf-dist/tex/latex/oberdiek/rerunfilecheck.sty
Package: rerunfilecheck 2016/05/16 v1.8 Rerun checks for auxiliary files (HO)
Package uniquecounter Info: New unique counter `rerunfilecheck' on input line 2
82.
)
\Hy@SectionHShift=\skip58
)

! LaTeX Error: File `mlp2017.sty' not found.

Type X to quit or <RETURN> to proceed,
or enter new name. (Default extension: sty)

Enter file name: 
! Interruption.
<to be read again> 
                   }
l.40 \mlptitlerunning
                     {MLP Coursework 4 (\studentNumber)}^^M
? 
! Undefined control sequence.
<recently read> \mlptitlerunning 
                                 
l.40 \mlptitlerunning
                     {MLP Coursework 4 (\studentNumber)}
? 

! LaTeX Error: Missing \begin{document}.

See the LaTeX manual or LaTeX Companion for explanation.
Type  H <return>  for immediate help.
 ...                                              
                                                  
l.40 \mlptitlerunning{M
                       LP Coursework 4 (\studentNumber)}
? 
! Undefined control sequence.
l.40 ...lerunning{MLP Coursework 4 (\studentNumber
                                                  )}
? 
No file mlp-cw1-template.aux.
\openout1 = `mlp-cw1-template.aux'.

LaTeX Font Info:    Checking defaults for OML/txmi/m/it on input line 57.
LaTeX Font Info:    Try loading font information for OML+txmi on input line 57.

(/usr/local/texlive/2017/texmf-dist/tex/latex/txfonts/omltxmi.fd
File: omltxmi.fd 2000/12/15 v3.1
)
LaTeX Font Info:    ... okay on input line 57.
LaTeX Font Info:    Checking defaults for T1/cmr/m/n on input line 57.
LaTeX Font Info:    ... okay on input line 57.
LaTeX Font Info:    Checking defaults for OT1/cmr/m/n on input line 57.
LaTeX Font Info:    ... okay on input line 57.
LaTeX Font Info:    Checking defaults for OMS/txsy/m/n on input line 57.
LaTeX Font Info:    Try loading font information for OMS+txsy on input line 57.


(/usr/local/texlive/2017/texmf-dist/tex/latex/txfonts/omstxsy.fd
File: omstxsy.fd 2000/12/15 v3.1
)
LaTeX Font Info:    ... okay on input line 57.
LaTeX Font Info:    Checking defaults for OMX/txex/m/n on input line 57.
LaTeX Font Info:    Try loading font information for OMX+txex on input line 57.


(/usr/local/texlive/2017/texmf-dist/tex/latex/txfonts/omxtxex.fd
File: omxtxex.fd 2000/12/15 v3.1
)
LaTeX Font Info:    ... okay on input line 57.
LaTeX Font Info:    Checking defaults for U/txexa/m/n on input line 57.
LaTeX Font Info:    Try loading font information for U+txexa on input line 57.

(/usr/local/texlive/2017/texmf-dist/tex/latex/txfonts/utxexa.fd
File: utxexa.fd 2000/12/15 v3.1
)
LaTeX Font Info:    ... okay on input line 57.
LaTeX Font Info:    Checking defaults for PD1/pdf/m/n on input line 57.
LaTeX Font Info:    ... okay on input line 57.
LaTeX Font Info:    Try loading font information for T1+txr on input line 57.

(/usr/local/texlive/2017/texmf-dist/tex/latex/txfonts/t1txr.fd
File: t1txr.fd 2000/12/15 v3.1
)
LaTeX Info: Redefining \microtypecontext on input line 57.
Package microtype Info: Generating PDF output.
Package microtype Info: Character protrusion enabled (level 2).
Package microtype Info: Using default protrusion set `alltext'.
Package microtype Info: Automatic font expansion enabled (level 2),
(microtype)             stretch: 20, shrink: 20, step: 1, non-selected.
Package microtype Info: Using default expansion set `basictext'.
Package microtype Info: No adjustment of tracking.
Package microtype Info: No adjustment of interword spacing.
Package microtype Info: No adjustment of character kerning.

(/usr/local/texlive/2017/texmf-dist/tex/latex/microtype/mt-ptm.cfg
File: mt-ptm.cfg 2006/04/20 v1.7 microtype config. file: Times (RS)
)
(/usr/local/texlive/2017/texmf-dist/tex/context/base/mkii/supp-pdf.mkii
[Loading MPS to PDF converter (version 2006.09.02).]
\scratchcounter=\count124
\scratchdimen=\dimen122
\scratchbox=\box31
\nofMPsegments=\count125
\nofMParguments=\count126
\everyMPshowfont=\toks26
\MPscratchCnt=\count127
\MPscratchDim=\dimen123
\MPnumerator=\count128
\makeMPintoPDFobject=\count129
\everyMPtoPDFconversion=\toks27
) (/usr/local/texlive/2017/texmf-dist/tex/latex/oberdiek/epstopdf-base.sty
Package: epstopdf-base 2016/05/15 v2.6 Base part for package epstopdf

(/usr/local/texlive/2017/texmf-dist/tex/latex/oberdiek/grfext.sty
Package: grfext 2016/05/16 v1.2 Manage graphics extensions (HO)
)
Package epstopdf-base Info: Redefining graphics rule for `.eps' on input line 4
38.
Package grfext Info: Graphics extension search list:
(grfext)             [.png,.pdf,.jpg,.mps,.jpeg,.jbig2,.jb2,.PNG,.PDF,.JPG,.JPE
G,.JBIG2,.JB2,.eps]
(grfext)             \AppendGraphicsExtensions on input line 456.

(/usr/local/texlive/2017/texmf-dist/tex/latex/latexconfig/epstopdf-sys.cfg
File: epstopdf-sys.cfg 2010/07/13 v1.3 Configuration of (r)epstopdf for TeX Liv
e
))
\AtBeginShipoutBox=\box32
Package hyperref Info: Link coloring OFF on input line 57.

(/usr/local/texlive/2017/texmf-dist/tex/latex/hyperref/nameref.sty
Package: nameref 2016/05/21 v2.44 Cross-referencing by name of section

(/usr/local/texlive/2017/texmf-dist/tex/generic/oberdiek/gettitlestring.sty
Package: gettitlestring 2016/05/16 v1.5 Cleanup title references (HO)
)
\c@section@level=\count130
)
LaTeX Info: Redefining \ref on input line 57.
LaTeX Info: Redefining \pageref on input line 57.
LaTeX Info: Redefining \nameref on input line 57.
\@outlinefile=\write3
\openout3 = `mlp-cw1-template.out'.


[1

{/usr/local/texlive/2017/texmf-var/fonts/map/pdftex/updmap/pdftex.map}]
! Undefined control sequence.
<argument>  \mlptitle 
                      {MLP Coursework 4: Project Final Report \\ Transfer le...
l.68 ]
      
? 

Overfull \hbox (6.90248pt too wide) in paragraph at lines 77--78
\T1/txr/m/n/10 (-20) gence [IN-SERT REF-ER-ENCE HERE]. Such
 []


Overfull \hbox (0.92622pt too wide) in paragraph at lines 79--80
\T1/txr/m/n/10 (-20) data aug-men-ta-tion [IN-SERT REF-ER-ENCE
 []


Overfull \hbox (4.03474pt too wide) in paragraph at lines 79--80
\T1/txr/m/n/10 (-20) HERE], which help solve this prob-lem [foot-
 []


Overfull \hbox (1.25465pt too wide) in paragraph at lines 83--84
\T1/txr/m/n/10 (-20) neu-ral net-works to solve clas-si-fi-ca-tion tasks
 []


Overfull \hbox (20.63786pt too wide) in paragraph at lines 85--86
\T1/txr/m/n/10 (-20) Chal-lenge 2014[IN-SERT REF-ER-ENCE HERE],
 []


Overfull \hbox (1.28331pt too wide) in paragraph at lines 85--86
\T1/txr/m/n/10 (-20) CIFAR-10 [IN-SERT REF-ER-ENCE HERE]
 []

[2

]
Overfull \hbox (3.8022pt too wide) in paragraph at lines 102--102
[]\T1/txr/bx/n/14.4 Objectives and Re-search
 []


Overfull \hbox (2.26927pt too wide) in paragraph at lines 108--109
\T1/txr/m/n/10 (-20) per-tains to two fun-da-men-tal ob-jec-tives. The
 []


Overfull \hbox (14.33345pt too wide) in paragraph at lines 108--109
\T1/txr/m/n/10 (-20) tioned above to two dis-tinctly dif-fer-ent datasets
 []


Overfull \hbox (39.02669pt too wide) in paragraph at lines 108--109
\T1/txr/m/n/10 (-20) [REF: AP-PENDIX: PARA-GRAPH ON DATASETS].
 []

[3]
Overfull \hbox (2.5913pt too wide) in paragraph at lines 112--113
\T1/txr/m/n/10 (-20) Following from the con-clu-sions drawn from
 []


Overfull \hbox (3.84973pt too wide) in paragraph at lines 125--126
[]\T1/txr/m/n/10 (-20) Transfer learn-ing will pro-vide a larger
 []


Overfull \hbox (14.04865pt too wide) in paragraph at lines 128--129
\T1/txr/m/n/10 (-20) sec-tion that out-lines the method-olo-gies utilised
 []


Overfull \hbox (10.74681pt too wide) in paragraph at lines 128--129
\T1/txr/m/n/10 (-20) TION REF-ER-ENCE] is ini-tially given. There-
 []


Overfull \hbox (2.59734pt too wide) in paragraph at lines 144--145
\T1/txr/m/n/10 (-20) tract-ing part of the knowl-edge from VGG16.
 []

[4]
Overfull \hbox (21.31998pt too wide) in paragraph at lines 160--160
[]\T1/txr/bx/n/12 one shot learn-ing/transfer learn-
 []


Overfull \hbox (36.22105pt too wide) in paragraph at lines 164--170
\T1/txr/m/n/10 (-20) task when in-suf-fi-cient/few data are ac-quired.Inspired
 []

[5]
Overfull \hbox (21.71748pt too wide) in paragraph at lines 171--175
\T1/txr/m/n/10 (-20) trained on a sub-set of Om-niglot dataset(character
 []


Overfull \hbox (7.7265pt too wide) in paragraph at lines 171--175
\T1/txr/m/n/10 (-20) con-nected lay-ers and L1 dis-tance layer which
 []

[6]
Overfull \hbox (3.26427pt too wide) in paragraph at lines 210--211
\T1/txr/m/n/10 (-20) est val-ues for val-i-da-tion ac-cu-racy for dataset
 []


LaTeX Warning: Reference `fig:tf_clot' on page 7 undefined on input line 214.


LaTeX Warning: Reference `fig:tf_exp' on page 7 undefined on input line 214.


LaTeX Warning: File `accuracy_reduction_00.png' not found on input line 221.


! Package pdftex.def Error: File `accuracy_reduction_00.png' not found.

See the pdftex.def package documentation for explanation.
Type  H <return>  for immediate help.
 ...                                              
                                                  
l.221 ...ics[scale=0.5]{accuracy_reduction_00.png}
                                                  
? 
LaTeX Font Info:    Try loading font information for T1+txtt on input line 221.

(/usr/local/texlive/2017/texmf-dist/tex/latex/txfonts/t1txtt.fd
File: t1txtt.fd 2000/12/15 v3.1
)
Package microtype Info: Loading generic settings for font family
(microtype)             `txtt' (encoding: T1).
(microtype)             For optimal results, create family-specific settings.
(microtype)             See the microtype manual for details.


LaTeX Warning: File `accuracy_reduction_01.png' not found on input line 231.


! Package pdftex.def Error: File `accuracy_reduction_01.png' not found.

See the pdftex.def package documentation for explanation.
Type  H <return>  for immediate help.
 ...                                              
                                                  
l.231 ...ics[scale=0.5]{accuracy_reduction_01.png}
                                                  
? 

LaTeX Warning: Reference `tab:tf_1' on page 7 undefined on input line 238.

LaTeX Font Info:    Try loading font information for OT1+txr on input line 242.

(/usr/local/texlive/2017/texmf-dist/tex/latex/txfonts/ot1txr.fd
File: ot1txr.fd 2000/12/15 v3.1
)
LaTeX Font Info:    Try loading font information for U+txsya on input line 242.


(/usr/local/texlive/2017/texmf-dist/tex/latex/txfonts/utxsya.fd
File: utxsya.fd 2000/12/15 v3.1
)
LaTeX Font Info:    Try loading font information for U+txsyb on input line 242.


(/usr/local/texlive/2017/texmf-dist/tex/latex/txfonts/utxsyb.fd
File: utxsyb.fd 2000/12/15 v3.1
)
LaTeX Font Info:    Try loading font information for U+txmia on input line 242.


(/usr/local/texlive/2017/texmf-dist/tex/latex/txfonts/utxmia.fd
File: utxmia.fd 2000/12/15 v3.1
)
LaTeX Font Info:    Try loading font information for U+txsyc on input line 242.


(/usr/local/texlive/2017/texmf-dist/tex/latex/txfonts/utxsyc.fd
File: utxsyc.fd 2000/12/15 v3.1
)
Overfull \hbox (50.83005pt too wide) in paragraph at lines 242--248
 [][] 
 []


LaTeX Warning: Reference `fig:tf_clot' on page 7 undefined on input line 252.


LaTeX Warning: Reference `fig:tf_exp' on page 7 undefined on input line 252.

[7] [8]
! Missing $ inserted.
<inserted text> 
                $
l.293 has input shape (batch_
                             size,64,64,3). The batch size determines no. of...

? 
! Missing $ inserted.
<inserted text> 
                $
l.312 
      
? 

Overfull \hbox (0.25352pt too wide) in paragraph at lines 287--312
[]\T1/txr/m/n/10 (-20) Experimental setup: The goal is to train
 []


Overfull \hbox (1.79314pt too wide) in paragraph at lines 287--312
\OML/txmi/m/it/10 pairs \OT1/txr/m/n/10 (-20) = [\OML/txmi/m/it/10 first[]win; 
second[]win\OT1/txr/m/n/10 (-20) ]$\T1/txr/m/n/10 (-20) . First twin
 []


Overfull \hbox (7266.77423pt too wide) in paragraph at lines 287--312
\T1/txr/m/n/10 (-20) and sec-ond twin has in-put shape (batch$[]\OML/txmi/m/it/
10 ize; \OT1/txr/m/n/10 (-20) 64\OML/txmi/m/it/10 ; \OT1/txr/m/n/10 (-20) 64\OM
L/txmi/m/it/10 ; \OT1/txr/m/n/10 (-20) 3)\OML/txmi/m/it/10 :Thebatchsizedetermi
nesno:ofpairstobetrainedduringeachepoch:Assuggestedintheoriginalpaper; wealsoen
sure\OT1/txr/m/n/10 (-20) 50$\T1/txr/m/n/10 (-20) %$\OML/txmi/m/it/10 ofsameand
differentclassareusedinpairsandrandomlysampledamong$\T1/txr/m/n/10 (-20) k$\OML
/txmi/m/it/10 availableimagesineachclasses:Forthetrainingdata; weusedfirstthree
catagoriesofanimatedfacialexpressiondataset\OT1/txr/m/n/10 (-20) (42\OML/txmi/m
/it/10 kimagesin\OT1/txr/m/n/10 (-20) 7\OML/txmi/m/it/10 classes\OT1/txr/m/n/10
 (-20) )\OML/txmi/m/it/10 andjapanesefemalefacialexpressiondataset\OT1/txr/m/n/
10 (-20) (203\OML/txmi/m/it/10 in\OT1/txr/m/n/10 (-20) 7\OML/txmi/m/it/10 class
es\OT1/txr/m/n/10 (-20) )\OML/txmi/m/it/10 intwoseparateruns:Bothofthedatasetal
socontains\OT1/txr/m/n/10 (-20) 7\OML/txmi/m/it/10 classesofexpression:Inthefir
stapproach; bothtrainingandtestdataareanimatedfacialexpressiondataset:However; 
weonlyincludedthefirstthreecatagoriesduringtrainingandthe\OT1/txr/m/n/10 (-20) 
4\OML/txmi/m/it/10 unseenclassduringtesttime:Thisistotesttheeffectivenessofthep
roposedmodelonpredictingunseenimagesbutwithasofterrestriction:Themodelisallowed
tolearnrepresentationonsubsetofclassesofthetargetdatasetbuttestedonotherunseenc
lassesofthesamedataset:Notethatthisapproachisstilldistinctfromstandardmachinele
arningprocedureastrainingisnotdirectlyonsamekindoftargetdataset:Amongthethreeca
tagories; werandomlysampled\OT1/txr/m/n/10 (-20) 36\OML/txmi/m/it/10 pairsofima
gesrandomlysampledfrom\OT1/txr/m/n/10 (-20) 900\OML/txmi/m/it/10 x\OT1/txr/m/n/
10 (-20) 3\OML/txmi/m/it/10 availableimagesfrom\OT1/txr/m/n/10 (-20) 3\OML/txmi
/m/it/10 classesineachepochtraining:Itisalsoensuredthat\OT1/txr/m/n/10 (-20) 50
$\T1/txr/m/n/10 (-20) %$\OML/txmi/m/it/10 sameanddifferentclassesaredrawn:Inthe
secondapproach; restrictionisincreasedandallowonlyrelatedbutentirelydifferentda
taset\OT1/txr/m/n/10 (-20) (\OML/txmi/m/it/10 Japanesefemaledataset\OT1/txr/m/n
/10 (-20) )\OML/txmi/m/it/10 fortraining:Thereareintotal\OT1/txr/m/n/10 (-20) 2
9\OML/txmi/m/it/10 x\OT1/txr/m/n/10 (-20) 7\OML/txmi/m/it/10 imagesin\OT1/txr/m
/n/10 (-20) 7\OML/txmi/m/it/10 catagories:Apparently; thesizeofdatasetissofewco
mparingtodatasetinfirstapproach:Thereasonofusingthisdatasetisduetolimitedavaila
bilityofgrayscalefacialexpressiondatasetfrominternetandthisistheonlydatasetthat
sharesmostgeometricsimilaritywiththetargetset\OT1/txr/m/n/10 (-20) (\OML/txmi/m
/it/10 animatedfacialexpression\OT1/txr/m/n/10 (-20) )\OML/txmi/m/it/10 ; asloc
ation; classesandplacementanglesaremostsimilarcomparingtootherdatasetssuchasext
endedcohn \OMS/txsy/m/n/10 ^^@
 []


Overfull \hbox (123.30685pt too wide) in paragraph at lines 287--312
\OML/txmi/m/it/10 kanadefacialdataset:Ineachepoch; \OT1/txr/m/n/10 (-20) (\OML/
txmi/m/it/10 insertpicture\OT1/txr/m/n/10 (-20) )[[\OML/txmi/m/it/10 PLACEHOLDE
R\OT1/txr/m/n/10 (-20) ]]$ 
 []

! Missing $ inserted.
<inserted text> 
                $
l.317 ...econd approach, we used 96 and 198 batch_
                                                  size in training to allows...

? 
! Missing $ inserted.
<inserted text> 
                $
l.321 
      
? 

Overfull \hbox (1067.39069pt too wide) in paragraph at lines 314--321
\T1/txr/m/n/10 (-20) we used 96 and 198 batch$[]\OML/txmi/m/it/10 izeintraining
toallowsmorelearningandtestifoverfittingwouldoccur:Moreover; similar\OT1/txr/m/
n/10 (-20) 320\OML/txmi/m/it/10 oneshotlearningtasksareperformedtoclassify\OT1/
txr/m/n/10 (-20) 7\OML/txmi/m/it/10 unseencatagoriesfrompairsrandomlydrawnfrom\
OT1/txr/m/n/10 (-20) 6000\OML/txmi/m/it/10 x\OT1/txr/m/n/10 (-20) 7\OML/txmi/m/
it/10 images:For\OT1/txr/m/n/10 (-20) 96\OML/txmi/m/it/10 batchsizeafter\OT1/tx
r/m/n/10 (-20) 50\OML/txmi/m/it/10 thepochoftraining:Testaccuracyrangesfrom$\T1
/txr/m/n/10 (-20) 22.8125-
 []


Overfull \hbox (73.6633pt too wide) in paragraph at lines 314--321
\T1/txr/m/n/10 (-20) 28.4375%$\OML/txmi/m/it/10 :For\OT1/txr/m/n/10 (-20) 198\O
ML/txmi/m/it/10 batchsize; testaccuracyfallsinrangeof$\T1/txr/m/n/10 (-20) 20-
 []


Overfull \hbox (0.82646pt too wide) in paragraph at lines 323--333
\T1/txr/m/n/10 (-20) on hairstyle,shape of face, sex-u-al-ity of char-
 []

[9]
Overfull \hbox (3.50827pt too wide) in paragraph at lines 340--346
\T1/txr/m/n/10 (-20) shot learn-ing) to a cer-tain ex-tent us-ing learnt
 []

Package atveryend Info: Empty hook `BeforeClearDocument' on input line 352.
[10

]
Package atveryend Info: Empty hook `AfterLastShipout' on input line 352.
 (./mlp-cw1-template.aux)
Package atveryend Info: Executing hook `AtVeryEndDocument' on input line 352.
Package atveryend Info: Executing hook `AtEndAfterFileList' on input line 352.


Package rerunfilecheck Warning: File `mlp-cw1-template.out' has changed.
(rerunfilecheck)                Rerun to get outlines right
(rerunfilecheck)                or use package `bookmark'.

Package rerunfilecheck Info: Checksums for `mlp-cw1-template.out':
(rerunfilecheck)             Before: <no file>
(rerunfilecheck)             After:  F250E8034C9079D9401CBD132E3B6C9C;1673.

LaTeX Warning: There were undefined references.


LaTeX Warning: Label(s) may have changed. Rerun to get cross-references right.

Package atveryend Info: Empty hook `AtVeryVeryEnd' on input line 352.
 ) 
Here is how much of TeX's memory you used:
 9405 strings out of 492995
 137756 string characters out of 6132703
 256433 words of memory out of 5000000
 12582 multiletter control sequences out of 15000+600000
 40867 words of font info for 201 fonts, out of 8000000 for 9000
 1141 hyphenation exceptions out of 8191
 31i,7n,38p,1064b,336s stack positions out of 5000i,500n,10000p,200000b,80000s
{/usr/local/texlive/2017/texmf-dist/fonts/enc/dvips/base/8r.enc}{/usr/local/t
exlive/2017/texmf-dist/fonts/enc/dvips/cm-super/cm-super-t1.enc}</usr/local/tex
live/2017/texmf-dist/fonts/type1/public/txfonts/rtxb.pfb></usr/local/texlive/20
17/texmf-dist/fonts/type1/public/txfonts/rtxmi.pfb></usr/local/texlive/2017/tex
mf-dist/fonts/type1/public/txfonts/rtxr.pfb></usr/local/texlive/2017/texmf-dist
/fonts/type1/public/cm-super/sfrm1000.pfb></usr/local/texlive/2017/texmf-dist/f
onts/type1/public/txfonts/t1xtt.pfb></usr/local/texlive/2017/texmf-dist/fonts/t
ype1/public/txfonts/txsy.pfb></usr/local/texlive/2017/texmf-dist/fonts/type1/ur
w/times/utmb8a.pfb></usr/local/texlive/2017/texmf-dist/fonts/type1/urw/times/ut
mr8a.pfb></usr/local/texlive/2017/texmf-dist/fonts/type1/urw/times/utmri8a.pfb>
Output written on mlp-cw1-template.pdf (10 pages, 104333 bytes).
PDF statistics:
 133 PDF objects out of 1000 (max. 8388607)
 110 compressed objects within 2 object streams
 44 named destinations out of 1000 (max. 500000)
 16897 words of extra memory for PDF output out of 17280 (max. 10000000)

