\BOOKMARK [1][-]{section.1}{Introduction}{}% 1
\BOOKMARK [2][-]{subsection.1.1}{Interim Report Findings}{section.1}% 2
\BOOKMARK [1][-]{section.2}{Objectives and Research Questions}{}% 3
\BOOKMARK [2][-]{subsection.2.1}{Objectives}{section.2}% 4
\BOOKMARK [2][-]{subsection.2.2}{Research Questions}{section.2}% 5
\BOOKMARK [2][-]{subsection.2.3}{Hypotheses}{section.2}% 6
\BOOKMARK [1][-]{section.3}{Methodology}{}% 7
\BOOKMARK [2][-]{subsection.3.1}{Simple Transfer Learning}{section.3}% 8
\BOOKMARK [3][-]{subsubsection.3.1.1}{Chosen Model}{subsection.3.1}% 9
\BOOKMARK [3][-]{subsubsection.3.1.2}{Configuration}{subsection.3.1}% 10
\BOOKMARK [2][-]{subsection.3.2}{one shot learning/transfer learning by learning similarity}{section.3}% 11
\BOOKMARK [3][-]{subsubsection.3.2.1}{Siamese Neural Network}{subsection.3.2}% 12
\BOOKMARK [3][-]{subsubsection.3.2.2}{Algorithm}{subsection.3.2}% 13
\BOOKMARK [1][-]{section.4}{Experiments}{}% 14
\BOOKMARK [2][-]{subsection.4.1}{Simple Transfer Learning}{section.4}% 15
\BOOKMARK [3][-]{subsubsection.4.1.1}{Motivation}{subsection.4.1}% 16
\BOOKMARK [3][-]{subsubsection.4.1.2}{Description}{subsection.4.1}% 17
\BOOKMARK [3][-]{subsubsection.4.1.3}{Results}{subsection.4.1}% 18
\BOOKMARK [3][-]{subsubsection.4.1.4}{Interpretation and Discussion}{subsection.4.1}% 19
\BOOKMARK [2][-]{subsection.4.2}{Siamese Neural Network}{section.4}% 20
\BOOKMARK [3][-]{subsubsection.4.2.1}{Description and motivation}{subsection.4.2}% 21
\BOOKMARK [3][-]{subsubsection.4.2.2}{Results}{subsection.4.2}% 22
\BOOKMARK [3][-]{subsubsection.4.2.3}{Interpretation and Discussion}{subsection.4.2}% 23
\BOOKMARK [1][-]{section.5}{Conclusions}{}% 24
